<?xml version="1.0" encoding="UTF-8"?>
<testsuite xmlns:xsi="http://www.w3.org/2001/XMLSchema-instance" xsi:noNamespaceSchemaLocation="https://maven.apache.org/surefire/maven-surefire-plugin/xsd/surefire-test-report-3.0.xsd" version="3.0" name="ZTests.AppTest" time="287.327" tests="7" errors="0" skipped="0" failures="0">
  <properties>
[...]
</properties>
  <testcase name="testOpenApp" classname="ZTests.AppTest" time="23.849">
    <system-out><![CDATA[Report created at C:\Users\Rohit Bhagat\Desktop\Rohit\Eclipse\atombergapp\reports\Atomberg2024-08-06\20240806_185047.html
Initializing Appium driver...
Appium driver initialized.
Atomberg App Opened...
Appium screenshot saved as: C:\Users\Rohit Bhagat\Desktop\Rohit\Appium Screenshots\NEWMOBILES\Trail1\Screenshot_20240806_185110.png
]]></system-out>
  </testcase>
  <testcase name="testLogin" classname="ZTests.AppTest" time="18.833">
    <system-out><![CDATA[Appium screenshot saved as: C:\Users\Rohit Bhagat\Desktop\Rohit\Appium Screenshots\NEWMOBILES\Trail1\Screenshot_20240806_185113.png
Appium screenshot saved as: C:\Users\Rohit Bhagat\Desktop\Rohit\Appium Screenshots\NEWMOBILES\Trail1\Screenshot_20240806_185115.png
 Weker42331@huleos.com 
Email Entered...
Appium screenshot saved as: C:\Users\Rohit Bhagat\Desktop\Rohit\Appium Screenshots\NEWMOBILES\Trail1\Screenshot_20240806_185116.png
Appium screenshot saved as: C:\Users\Rohit Bhagat\Desktop\Rohit\Appium Screenshots\NEWMOBILES\Trail1\Screenshot_20240806_185118.png
Appium screenshot saved as: C:\Users\Rohit Bhagat\Desktop\Rohit\Appium Screenshots\NEWMOBILES\Trail1\Screenshot_20240806_185120.png
Password entered...
Continue...
Permissions
All Permissions Granted
]]></system-out>
  </testcase>
  <testcase name="testFanControl" classname="ZTests.AppTest" time="85.265">
    <system-out><![CDATA[5
Fan Available 4
Renesa Fan
Living Room
Speed1
Appium screenshot saved as: C:\Users\Rohit Bhagat\Desktop\Rohit\Appium Screenshots\NEWMOBILES\Trail1\Screenshot_20240806_185134.png
Speed2
Appium screenshot saved as: C:\Users\Rohit Bhagat\Desktop\Rohit\Appium Screenshots\NEWMOBILES\Trail1\Screenshot_20240806_185138.png
Speed3
Appium screenshot saved as: C:\Users\Rohit Bhagat\Desktop\Rohit\Appium Screenshots\NEWMOBILES\Trail1\Screenshot_20240806_185139.png
Speed4
Appium screenshot saved as: C:\Users\Rohit Bhagat\Desktop\Rohit\Appium Screenshots\NEWMOBILES\Trail1\Screenshot_20240806_185140.png
Speed5
Appium screenshot saved as: C:\Users\Rohit Bhagat\Desktop\Rohit\Appium Screenshots\NEWMOBILES\Trail1\Screenshot_20240806_185143.png
Boost
Appium screenshot saved as: C:\Users\Rohit Bhagat\Desktop\Rohit\Appium Screenshots\NEWMOBILES\Trail1\Screenshot_20240806_185146.png
Studio Fan
Living Room
Speed1
Appium screenshot saved as: C:\Users\Rohit Bhagat\Desktop\Rohit\Appium Screenshots\NEWMOBILES\Trail1\Screenshot_20240806_185151.png
Speed2
Appium screenshot saved as: C:\Users\Rohit Bhagat\Desktop\Rohit\Appium Screenshots\NEWMOBILES\Trail1\Screenshot_20240806_185154.png
Speed3
Appium screenshot saved as: C:\Users\Rohit Bhagat\Desktop\Rohit\Appium Screenshots\NEWMOBILES\Trail1\Screenshot_20240806_185155.png
Speed4
Appium screenshot saved as: C:\Users\Rohit Bhagat\Desktop\Rohit\Appium Screenshots\NEWMOBILES\Trail1\Screenshot_20240806_185158.png
Speed5
Appium screenshot saved as: C:\Users\Rohit Bhagat\Desktop\Rohit\Appium Screenshots\NEWMOBILES\Trail1\Screenshot_20240806_185159.png
Boost
Appium screenshot saved as: C:\Users\Rohit Bhagat\Desktop\Rohit\Appium Screenshots\NEWMOBILES\Trail1\Screenshot_20240806_185200.png
Smart Fan
Living Room
Speed1
Appium screenshot saved as: C:\Users\Rohit Bhagat\Desktop\Rohit\Appium Screenshots\NEWMOBILES\Trail1\Screenshot_20240806_185205.png
Speed2
Appium screenshot saved as: C:\Users\Rohit Bhagat\Desktop\Rohit\Appium Screenshots\NEWMOBILES\Trail1\Screenshot_20240806_185207.png
Speed3
Appium screenshot saved as: C:\Users\Rohit Bhagat\Desktop\Rohit\Appium Screenshots\NEWMOBILES\Trail1\Screenshot_20240806_185210.png
Speed4
Appium screenshot saved as: C:\Users\Rohit Bhagat\Desktop\Rohit\Appium Screenshots\NEWMOBILES\Trail1\Screenshot_20240806_185214.png
Speed5
Appium screenshot saved as: C:\Users\Rohit Bhagat\Desktop\Rohit\Appium Screenshots\NEWMOBILES\Trail1\Screenshot_20240806_185215.png
Boost
Appium screenshot saved as: C:\Users\Rohit Bhagat\Desktop\Rohit\Appium Screenshots\NEWMOBILES\Trail1\Screenshot_20240806_185218.png
My Fan
Living Room
Speed1
Appium screenshot saved as: C:\Users\Rohit Bhagat\Desktop\Rohit\Appium Screenshots\NEWMOBILES\Trail1\Screenshot_20240806_185225.png
Speed2
Appium screenshot saved as: C:\Users\Rohit Bhagat\Desktop\Rohit\Appium Screenshots\NEWMOBILES\Trail1\Screenshot_20240806_185225.png
Speed3
Appium screenshot saved as: C:\Users\Rohit Bhagat\Desktop\Rohit\Appium Screenshots\NEWMOBILES\Trail1\Screenshot_20240806_185227.png
Speed4
Appium screenshot saved as: C:\Users\Rohit Bhagat\Desktop\Rohit\Appium Screenshots\NEWMOBILES\Trail1\Screenshot_20240806_185230.png
Speed5
Appium screenshot saved as: C:\Users\Rohit Bhagat\Desktop\Rohit\Appium Screenshots\NEWMOBILES\Trail1\Screenshot_20240806_185231.png
Boost
Appium screenshot saved as: C:\Users\Rohit Bhagat\Desktop\Rohit\Appium Screenshots\NEWMOBILES\Trail1\Screenshot_20240806_185234.png
Smart Fan
Living Room
My Fan
Living Room
Scrolled Up
3
Fans Removed with new 1 available
1
0Aris Fan
Living Room
Speed1
Appium screenshot saved as: C:\Users\Rohit Bhagat\Desktop\Rohit\Appium Screenshots\NEWMOBILES\Trail1\Screenshot_20240806_185241.png
Speed2
Appium screenshot saved as: C:\Users\Rohit Bhagat\Desktop\Rohit\Appium Screenshots\NEWMOBILES\Trail1\Screenshot_20240806_185244.png
Speed3
Appium screenshot saved as: C:\Users\Rohit Bhagat\Desktop\Rohit\Appium Screenshots\NEWMOBILES\Trail1\Screenshot_20240806_185246.png
Speed4
Appium screenshot saved as: C:\Users\Rohit Bhagat\Desktop\Rohit\Appium Screenshots\NEWMOBILES\Trail1\Screenshot_20240806_185249.png
Speed5
Appium screenshot saved as: C:\Users\Rohit Bhagat\Desktop\Rohit\Appium Screenshots\NEWMOBILES\Trail1\Screenshot_20240806_185252.png
Boost
Appium screenshot saved as: C:\Users\Rohit Bhagat\Desktop\Rohit\Appium Screenshots\NEWMOBILES\Trail1\Screenshot_20240806_185253.png
]]></system-out>
  </testcase>
  <testcase name="testAnalytics" classname="ZTests.AppTest" time="142.419">
    <system-out><![CDATA[switched to Analytics
6
Renesa Fan
0
null
Left Swipe
null
Left Swipe
null
Left Swipe
null
true
Studio Fan
1
null
Left Swipe
null
Left Swipe
null
Left Swipe
null
true
Smart Fan
2
null
Left Swipe
null
Left Swipe
null
Left Swipe
null
true
My Fan
3
null
Left Swipe
null
Left Swipe
null
Left Swipe
null
true
Canceled Rate us
]]></system-out>
    <system-err><![CDATA[java.lang.IndexOutOfBoundsException: Index 4 out of bounds for length 0
	at java.base/jdk.internal.util.Preconditions.outOfBounds(Preconditions.java:64)
	at java.base/jdk.internal.util.Preconditions.outOfBoundsCheckIndex(Preconditions.java:70)
	at java.base/jdk.internal.util.Preconditions.checkIndex(Preconditions.java:266)
	at java.base/java.util.Objects.checkIndex(Objects.java:359)
	at java.base/java.util.ArrayList.get(ArrayList.java:427)
	at Tabs.Analytics.nextFan(Analytics.java:58)
	at Tabs.Analytics.Show(Analytics.java:32)
	at ZTests.AppTest.testAnalytics(AppTest.java:113)
	at java.base/jdk.internal.reflect.NativeMethodAccessorImpl.invoke0(Native Method)
	at java.base/jdk.internal.reflect.NativeMethodAccessorImpl.invoke(NativeMethodAccessorImpl.java:77)
	at java.base/jdk.internal.reflect.DelegatingMethodAccessorImpl.invoke(DelegatingMethodAccessorImpl.java:43)
	at java.base/java.lang.reflect.Method.invoke(Method.java:568)
	at org.junit.platform.commons.util.ReflectionUtils.invokeMethod(ReflectionUtils.java:728)
	at org.junit.jupiter.engine.execution.MethodInvocation.proceed(MethodInvocation.java:60)
	at org.junit.jupiter.engine.execution.InvocationInterceptorChain$ValidatingInvocation.proceed(InvocationInterceptorChain.java:131)
	at org.junit.jupiter.engine.extension.TimeoutExtension.intercept(TimeoutExtension.java:156)
	at org.junit.jupiter.engine.extension.TimeoutExtension.interceptTestableMethod(TimeoutExtension.java:147)
	at org.junit.jupiter.engine.extension.TimeoutExtension.interceptTestMethod(TimeoutExtension.java:86)
	at org.junit.jupiter.engine.execution.InterceptingExecutableInvoker$ReflectiveInterceptorCall.lambda$ofVoidMethod$0(InterceptingExecutableInvoker.java:103)
	at org.junit.jupiter.engine.execution.InterceptingExecutableInvoker.lambda$invoke$0(InterceptingExecutableInvoker.java:93)
	at org.junit.jupiter.engine.execution.InvocationInterceptorChain$InterceptedInvocation.proceed(InvocationInterceptorChain.java:106)
	at org.junit.jupiter.engine.execution.InvocationInterceptorChain.proceed(InvocationInterceptorChain.java:64)
	at org.junit.jupiter.engine.execution.InvocationInterceptorChain.chainAndInvoke(InvocationInterceptorChain.java:45)
	at org.junit.jupiter.engine.execution.InvocationInterceptorChain.invoke(InvocationInterceptorChain.java:37)
	at org.junit.jupiter.engine.execution.InterceptingExecutableInvoker.invoke(InterceptingExecutableInvoker.java:92)
	at org.junit.jupiter.engine.execution.InterceptingExecutableInvoker.invoke(InterceptingExecutableInvoker.java:86)
	at org.junit.jupiter.engine.descriptor.TestMethodTestDescriptor.lambda$invokeTestMethod$7(TestMethodTestDescriptor.java:218)
	at org.junit.platform.engine.support.hierarchical.ThrowableCollector.execute(ThrowableCollector.java:73)
	at org.junit.jupiter.engine.descriptor.TestMethodTestDescriptor.invokeTestMethod(TestMethodTestDescriptor.java:214)
	at org.junit.jupiter.engine.descriptor.TestMethodTestDescriptor.execute(TestMethodTestDescriptor.java:139)
	at org.junit.jupiter.engine.descriptor.TestMethodTestDescriptor.execute(TestMethodTestDescriptor.java:69)
	at org.junit.platform.engine.support.hierarchical.NodeTestTask.lambda$executeRecursively$6(NodeTestTask.java:151)
	at org.junit.platform.engine.support.hierarchical.ThrowableCollector.execute(ThrowableCollector.java:73)
	at org.junit.platform.engine.support.hierarchical.NodeTestTask.lambda$executeRecursively$8(NodeTestTask.java:141)
	at org.junit.platform.engine.support.hierarchical.Node.around(Node.java:137)
	at org.junit.platform.engine.support.hierarchical.NodeTestTask.lambda$executeRecursively$9(NodeTestTask.java:139)
	at org.junit.platform.engine.support.hierarchical.ThrowableCollector.execute(ThrowableCollector.java:73)
	at org.junit.platform.engine.support.hierarchical.NodeTestTask.executeRecursively(NodeTestTask.java:138)
	at org.junit.platform.engine.support.hierarchical.NodeTestTask.execute(NodeTestTask.java:95)
	at java.base/java.util.ArrayList.forEach(ArrayList.java:1511)
	at org.junit.platform.engine.support.hierarchical.SameThreadHierarchicalTestExecutorService.invokeAll(SameThreadHierarchicalTestExecutorService.java:41)
	at org.junit.platform.engine.support.hierarchical.NodeTestTask.lambda$executeRecursively$6(NodeTestTask.java:155)
	at org.junit.platform.engine.support.hierarchical.ThrowableCollector.execute(ThrowableCollector.java:73)
	at org.junit.platform.engine.support.hierarchical.NodeTestTask.lambda$executeRecursively$8(NodeTestTask.java:141)
	at org.junit.platform.engine.support.hierarchical.Node.around(Node.java:137)
	at org.junit.platform.engine.support.hierarchical.NodeTestTask.lambda$executeRecursively$9(NodeTestTask.java:139)
	at org.junit.platform.engine.support.hierarchical.ThrowableCollector.execute(ThrowableCollector.java:73)
	at org.junit.platform.engine.support.hierarchical.NodeTestTask.executeRecursively(NodeTestTask.java:138)
	at org.junit.platform.engine.support.hierarchical.NodeTestTask.execute(NodeTestTask.java:95)
	at java.base/java.util.ArrayList.forEach(ArrayList.java:1511)
	at org.junit.platform.engine.support.hierarchical.SameThreadHierarchicalTestExecutorService.invokeAll(SameThreadHierarchicalTestExecutorService.java:41)
	at org.junit.platform.engine.support.hierarchical.NodeTestTask.lambda$executeRecursively$6(NodeTestTask.java:155)
	at org.junit.platform.engine.support.hierarchical.ThrowableCollector.execute(ThrowableCollector.java:73)
	at org.junit.platform.engine.support.hierarchical.NodeTestTask.lambda$executeRecursively$8(NodeTestTask.java:141)
	at org.junit.platform.engine.support.hierarchical.Node.around(Node.java:137)
	at org.junit.platform.engine.support.hierarchical.NodeTestTask.lambda$executeRecursively$9(NodeTestTask.java:139)
	at org.junit.platform.engine.support.hierarchical.ThrowableCollector.execute(ThrowableCollector.java:73)
	at org.junit.platform.engine.support.hierarchical.NodeTestTask.executeRecursively(NodeTestTask.java:138)
	at org.junit.platform.engine.support.hierarchical.NodeTestTask.execute(NodeTestTask.java:95)
	at org.junit.platform.engine.support.hierarchical.SameThreadHierarchicalTestExecutorService.submit(SameThreadHierarchicalTestExecutorService.java:35)
	at org.junit.platform.engine.support.hierarchical.HierarchicalTestExecutor.execute(HierarchicalTestExecutor.java:57)
	at org.junit.platform.engine.support.hierarchical.HierarchicalTestEngine.execute(HierarchicalTestEngine.java:54)
	at org.junit.platform.launcher.core.EngineExecutionOrchestrator.execute(EngineExecutionOrchestrator.java:198)
	at org.junit.platform.launcher.core.EngineExecutionOrchestrator.execute(EngineExecutionOrchestrator.java:169)
	at org.junit.platform.launcher.core.EngineExecutionOrchestrator.execute(EngineExecutionOrchestrator.java:93)
	at org.junit.platform.launcher.core.EngineExecutionOrchestrator.lambda$execute$0(EngineExecutionOrchestrator.java:58)
	at org.junit.platform.launcher.core.EngineExecutionOrchestrator.withInterceptedStreams(EngineExecutionOrchestrator.java:141)
	at org.junit.platform.launcher.core.EngineExecutionOrchestrator.execute(EngineExecutionOrchestrator.java:57)
	at org.junit.platform.launcher.core.DefaultLauncher.execute(DefaultLauncher.java:103)
	at org.junit.platform.launcher.core.DefaultLauncher.execute(DefaultLauncher.java:85)
	at org.junit.platform.launcher.core.DelegatingLauncher.execute(DelegatingLauncher.java:47)
	at org.apache.maven.surefire.junitplatform.LazyLauncher.execute(LazyLauncher.java:56)
	at org.apache.maven.surefire.junitplatform.JUnitPlatformProvider.execute(JUnitPlatformProvider.java:184)
	at org.apache.maven.surefire.junitplatform.JUnitPlatformProvider.invokeAllTests(JUnitPlatformProvider.java:148)
	at org.apache.maven.surefire.junitplatform.JUnitPlatformProvider.invoke(JUnitPlatformProvider.java:122)
	at org.apache.maven.surefire.booter.ForkedBooter.runSuitesInProcess(ForkedBooter.java:385)
	at org.apache.maven.surefire.booter.ForkedBooter.execute(ForkedBooter.java:162)
	at org.apache.maven.surefire.booter.ForkedBooter.run(ForkedBooter.java:507)
	at org.apache.maven.surefire.booter.ForkedBooter.main(ForkedBooter.java:495)
]]></system-err>
  </testcase>
  <testcase name="testMoreTab" classname="ZTests.AppTest" time="5.734"/>
  <testcase name="testLogout" classname="ZTests.AppTest" time="10.211">
    <system-out><![CDATA[0
More
0
More1
0
]]></system-out>
  </testcase>
  <testcase name="testDriverClose" classname="ZTests.AppTest" time="0.737"/>
</testsuite>