-------------------------------------------------------------------------------
Test set: ZTests.AppTest
-------------------------------------------------------------------------------
Tests run: 5, Failures: 0, Errors: 4, Skipped: 0, Time elapsed: 19.32 s <<< FAILURE! -- in ZTests.AppTest
ZTests.AppTest.testOpenApp -- Time elapsed: 12.09 s <<< ERROR!
org.openqa.selenium.SessionNotCreatedException: 
Could not start a new session. Response code 500. Message: An unknown server-side error occurred while processing the command. Original error: 'app' option is required for reinstall 
Host info: host: '1N1209056P', ip: '192.168.11.145'
Build info: version: '4.22.0', revision: 'c5f3146703*'
System info: os.name: 'Windows 11', os.arch: 'amd64', os.version: '10.0', java.version: '17.0.5'
Driver info: io.appium.java_client.AppiumDriver
Command: [null, newSession {capabilities=[{appium:apksigner=C:\Users\Rohit\Desktop\android-sdk\build-tools\34.0.0\lib\apksigner.jar, appium:appActivity=com.atomberg.app.MainActivity, appium:appPackage=com.atomberg.app, platformName=ANDROID, appium:platformVersion=14}], desiredCapabilities=Capabilities {apksigner: C:\Users\Rohit\Desktop\andr..., appActivity: com.atomberg.app.MainActivity, appPackage: com.atomberg.app, platformName: ANDROID, platformVersion: 14}}]
Capabilities {apksigner: C:\Users\Rohit\Desktop\andr..., appActivity: com.atomberg.app.MainActivity, appPackage: com.atomberg.app, platformName: ANDROID, platformVersion: 14}
	at org.openqa.selenium.remote.ProtocolHandshake.createSession(ProtocolHandshake.java:139)
	at java.base/jdk.internal.reflect.NativeMethodAccessorImpl.invoke0(Native Method)
	at java.base/jdk.internal.reflect.NativeMethodAccessorImpl.invoke(NativeMethodAccessorImpl.java:77)
	at java.base/jdk.internal.reflect.DelegatingMethodAccessorImpl.invoke(DelegatingMethodAccessorImpl.java:43)
	at java.base/java.lang.reflect.Method.invoke(Method.java:568)
	at io.appium.java_client.remote.AppiumProtocolHandshake.createSession(AppiumProtocolHandshake.java:133)
	at io.appium.java_client.remote.AppiumProtocolHandshake.createSession(AppiumProtocolHandshake.java:102)
	at io.appium.java_client.remote.AppiumCommandExecutor.createSession(AppiumCommandExecutor.java:176)
	at io.appium.java_client.remote.AppiumCommandExecutor.execute(AppiumCommandExecutor.java:237)
	at org.openqa.selenium.remote.RemoteWebDriver.execute(RemoteWebDriver.java:519)
	at io.appium.java_client.AppiumDriver.startSession(AppiumDriver.java:268)
	at org.openqa.selenium.remote.RemoteWebDriver.<init>(RemoteWebDriver.java:162)
	at io.appium.java_client.AppiumDriver.<init>(AppiumDriver.java:90)
	at io.appium.java_client.AppiumDriver.<init>(AppiumDriver.java:102)
	at ZTests.AppTest.openAtomberg(AppTest.java:44)
	at ZTests.AppTest.testOpenApp(AppTest.java:64)
	at java.base/java.lang.reflect.Method.invoke(Method.java:568)
	at java.base/java.util.ArrayList.forEach(ArrayList.java:1511)
	at java.base/java.util.ArrayList.forEach(ArrayList.java:1511)

ZTests.AppTest.testAddFan -- Time elapsed: 0.007 s <<< ERROR!
java.lang.NullPointerException: Cannot invoke "io.appium.java_client.AppiumDriver.perform(java.util.Collection)" because "driver" is null
	at Actions.Tap.withCoordinates(Tap.java:22)
	at Devices.Add2.Fan(Add2.java:26)
	at ZTests.AppTest.testAddFan(AppTest.java:72)
	at java.base/java.lang.reflect.Method.invoke(Method.java:568)
	at java.base/java.util.ArrayList.forEach(ArrayList.java:1511)
	at java.base/java.util.ArrayList.forEach(ArrayList.java:1511)

ZTests.AppTest.testAddLock -- Time elapsed: 0.005 s <<< ERROR!
java.lang.NullPointerException: Cannot invoke "io.appium.java_client.AppiumDriver.perform(java.util.Collection)" because "driver" is null
	at Actions.Tap.withCoordinates(Tap.java:22)
	at Devices.Add2.Lock(Add2.java:133)
	at ZTests.AppTest.testAddLock(AppTest.java:81)
	at java.base/java.lang.reflect.Method.invoke(Method.java:568)
	at java.base/java.util.ArrayList.forEach(ArrayList.java:1511)
	at java.base/java.util.ArrayList.forEach(ArrayList.java:1511)

ZTests.AppTest.testControlLock -- Time elapsed: 0.006 s <<< ERROR!
java.lang.NullPointerException: Cannot invoke "io.appium.java_client.AppiumDriver.findElement(org.openqa.selenium.By)" because "driver" is null
	at Devices.SO.Lock(SO.java:88)
	at ZTests.AppTest.testControlLock(AppTest.java:95)
	at java.base/java.lang.reflect.Method.invoke(Method.java:568)
	at java.base/java.util.ArrayList.forEach(ArrayList.java:1511)
	at java.base/java.util.ArrayList.forEach(ArrayList.java:1511)

